<?xml version="1.0" encoding="UTF-8"?>
<!-- Generated by org.testng.reporters.JUnitReportReporter -->
<testsuite hostname="DESKTOP-N5RMB4R" failures="0" tests="1" name="testScript.Sample1Test" time="0.017" errors="0" timestamp="2024-02-09T15:28:19 IST" skipped="0">
  <testcase classname="testScript.Sample1Test" name="testCase" time="0.017"/>
  <system-out>
    <![CDATA[selenium123@gmail.com
selenium]]>
  </system-out>
</testsuite> <!-- testScript.Sample1Test -->
