<?xml version="1.0" encoding="UTF-8"?>
<!-- Generated by org.testng.reporters.JUnitReportReporter -->
<testsuite hostname="DESKTOP-N5RMB4R" failures="0" tests="1" name="testScript.ToLogin" time="3.502" errors="0" timestamp="2024-02-09T16:54:24 IST" skipped="0">
  <testcase classname="testScript.ToLogin" name="toTestLogin" time="3.502"/>
  <system-out/>
</testsuite> <!-- testScript.ToLogin -->
