<?xml version="1.0" encoding="UTF-8"?>
<!-- Generated by org.testng.reporters.JUnitReportReporter -->
<testsuite hostname="DESKTOP-N5RMB4R" failures="0" tests="1" name="testScript.ToRegister" time="2.562" errors="0" timestamp="2024-02-09T16:32:29 IST" skipped="0">
  <testcase classname="testScript.ToRegister" name="toTest" time="2.562"/>
  <system-out/>
</testsuite> <!-- testScript.ToRegister -->
