<?xml version="1.0" encoding="UTF-8"?>
<!-- Generated by org.testng.reporters.JUnitReportReporter -->
<testsuite hostname="DESKTOP-N5RMB4R" failures="0" tests="1" name="testScript.SampleTest3" time="2.688" errors="0" timestamp="2024-02-12T15:44:09 IST" skipped="0">
  <testcase classname="testScript.SampleTest3" name="test" time="2.688"/>
  <system-out/>
</testsuite> <!-- testScript.SampleTest3 -->
