<?xml version="1.0" encoding="UTF-8"?>
<!-- Generated by org.testng.reporters.JUnitReportReporter -->
<testsuite hostname="DESKTOP-N5RMB4R" failures="0" tests="1" name="testScript.sample" time="0.087" errors="0" timestamp="2024-02-12T11:30:09 IST" skipped="0">
  <testcase classname="testScript.sample" name="testCase" time="0.087"/>
  <system-out>
    <![CDATA[sample test executed successfully]]>
  </system-out>
</testsuite> <!-- testScript.sample -->
