<?xml version="1.0" encoding="UTF-8"?>
<!-- Generated by org.testng.reporters.JUnitReportReporter -->
<testsuite hostname="DESKTOP-N5RMB4R" failures="0" tests="1" name="testScript.Sample_4Test" time="39.023" errors="0" timestamp="2024-02-12T15:46:56 IST" skipped="0">
  <testcase classname="testScript.Sample_4Test" name="testcase" time="39.023"/>
  <system-out/>
</testsuite> <!-- testScript.Sample_4Test -->
