<?xml version="1.0" encoding="UTF-8"?>
<!-- Generated by org.testng.reporters.JUnitReportReporter -->
<testsuite hostname="DESKTOP-N5RMB4R" failures="0" tests="1" name="testScript.SampleTest1" time="0.019" errors="0" timestamp="2024-02-09T15:16:44 IST" skipped="0">
  <testcase classname="testScript.SampleTest1" name="testCase" time="0.019"/>
  <system-out>
    <![CDATA[sample test1 executed successfully]]>
  </system-out>
</testsuite> <!-- testScript.SampleTest1 -->
